# JRE version: Java(TM) SE Runtime Environment (8.0_144-b01) (build 1.8.0_144-b01)
# Java VM: Java HotSpot(TM) 64-Bit Server VM (25.144-b01 mixed mode linux-amd64 compressed oops)
Heap:
 PSYoungGen      total 145920K, used 73457K [0x000000071df00000, 0x0000000728180000, 0x00000007c0000000)
  eden space 125440K, 58% used [0x000000071df00000,0x00000007226bc628,0x0000000725980000)
  from space 20480K, 0% used [0x0000000726d80000,0x0000000726d80000,0x0000000728180000)
  to   space 20480K, 0% used [0x0000000725980000,0x0000000725980000,0x0000000726d80000)
 ParOldGen       total 132608K, used 7048K [0x00000005d9c00000, 0x00000005e1d80000, 0x000000071df00000)
  object space 132608K, 5% used [0x00000005d9c00000,0x00000005da2e2060,0x00000005e1d80000)
 Metaspace       used 21025K, capacity 21224K, committed 21504K, reserved 1069056K
  class space    used 2455K, capacity 2510K, committed 2560K, reserved 1048576K
GC Heap History (6 events):
Event: 0.769 GC heap before
{Heap before GC invocations=1 (full 0):
 PSYoungGen      total 145920K, used 125440K [0x000000071df00000, 0x0000000728180000, 0x00000007c0000000)
  eden space 125440K, 100% used [0x000000071df00000,0x0000000725980000,0x0000000725980000)
  from space 20480K, 0% used [0x0000000726d80000,0x0000000726d80000,0x0000000728180000)
  to   space 20480K, 0% used [0x0000000725980000,0x0000000725980000,0x0000000726d80000)
 ParOldGen       total 333312K, used 0K [0x00000005d9c00000, 0x00000005ee180000, 0x000000071df00000)
  object space 333312K, 0% used [0x00000005d9c00000,0x00000005d9c00000,0x00000005ee180000)
 Metaspace       used 17236K, capacity 17466K, committed 17792K, reserved 1064960K
  class space    used 2022K, capacity 2091K, committed 2176K, reserved 1048576K
Event: 0.776 GC heap after
Heap after GC invocations=1 (full 0):
 PSYoungGen      total 145920K, used 13945K [0x000000071df00000, 0x0000000728180000, 0x00000007c0000000)
  eden space 125440K, 0% used [0x000000071df00000,0x000000071df00000,0x0000000725980000)
  from space 20480K, 68% used [0x0000000725980000,0x000000072671e408,0x0000000726d80000)
  to   space 20480K, 0% used [0x0000000726d80000,0x0000000726d80000,0x0000000728180000)
 ParOldGen       total 333312K, used 88K [0x00000005d9c00000, 0x00000005ee180000, 0x000000071df00000)
  object space 333312K, 0% used [0x00000005d9c00000,0x00000005d9c16028,0x00000005ee180000)
 Metaspace       used 17236K, capacity 17466K, committed 17792K, reserved 1064960K
  class space    used 2022K, capacity 2091K, committed 2176K, reserved 1048576K
}
Event: 21.687 GC heap before
{Heap before GC invocations=2 (full 0):
 PSYoungGen      total 145920K, used 92092K [0x000000071df00000, 0x0000000728180000, 0x00000007c0000000)
  eden space 125440K, 62% used [0x000000071df00000,0x0000000722b50e30,0x0000000725980000)
  from space 20480K, 68% used [0x0000000725980000,0x000000072671e408,0x0000000726d80000)
  to   space 20480K, 0% used [0x0000000726d80000,0x0000000726d80000,0x0000000728180000)
 ParOldGen       total 333312K, used 88K [0x00000005d9c00000, 0x00000005ee180000, 0x000000071df00000)
  object space 333312K, 0% used [0x00000005d9c00000,0x00000005d9c16028,0x00000005ee180000)
 Metaspace       used 20838K, capacity 21032K, committed 21248K, reserved 1069056K
  class space    used 2446K, capacity 2510K, committed 2560K, reserved 1048576K
Event: 21.694 GC heap after
Heap after GC invocations=2 (full 0):
 PSYoungGen      total 145920K, used 7281K [0x000000071df00000, 0x0000000728180000, 0x00000007c0000000)
  eden space 125440K, 0% used [0x000000071df00000,0x000000071df00000,0x0000000725980000)
  from space 20480K, 35% used [0x0000000726d80000,0x000000072749c4f0,0x0000000728180000)
  to   space 20480K, 0% used [0x0000000725980000,0x0000000725980000,0x0000000726d80000)
 ParOldGen       total 333312K, used 96K [0x00000005d9c00000, 0x00000005ee180000, 0x000000071df00000)
  object space 333312K, 0% used [0x00000005d9c00000,0x00000005d9c18028,0x00000005ee180000)
 Metaspace       used 20838K, capacity 21032K, committed 21248K, reserved 1069056K
  class space    used 2446K, capacity 2510K, committed 2560K, reserved 1048576K
}
Event: 21.695 GC heap before
{Heap before GC invocations=3 (full 1):
 PSYoungGen      total 145920K, used 7281K [0x000000071df00000, 0x0000000728180000, 0x00000007c0000000)
  eden space 125440K, 0% used [0x000000071df00000,0x000000071df00000,0x0000000725980000)
  from space 20480K, 35% used [0x0000000726d80000,0x000000072749c4f0,0x0000000728180000)
  to   space 20480K, 0% used [0x0000000725980000,0x0000000725980000,0x0000000726d80000)
 ParOldGen       total 333312K, used 96K [0x00000005d9c00000, 0x00000005ee180000, 0x000000071df00000)
  object space 333312K, 0% used [0x00000005d9c00000,0x00000005d9c18028,0x00000005ee180000)
 Metaspace       used 20838K, capacity 21032K, committed 21248K, reserved 1069056K
  class space    used 2446K, capacity 2510K, committed 2560K, reserved 1048576K
Event: 21.728 GC heap after
Heap after GC invocations=3 (full 1):
 PSYoungGen      total 145920K, used 0K [0x000000071df00000, 0x0000000728180000, 0x00000007c0000000)
  eden space 125440K, 0% used [0x000000071df00000,0x000000071df00000,0x0000000725980000)
  from space 20480K, 0% used [0x0000000726d80000,0x0000000726d80000,0x0000000728180000)
  to   space 20480K, 0% used [0x0000000725980000,0x0000000725980000,0x0000000726d80000)
 ParOldGen       total 132608K, used 7048K [0x00000005d9c00000, 0x00000005e1d80000, 0x000000071df00000)
  object space 132608K, 5% used [0x00000005d9c00000,0x00000005da2e2060,0x00000005e1d80000)
 Metaspace       used 20838K, capacity 21032K, committed 21248K, reserved 1069056K
  class space    used 2446K, capacity 2510K, committed 2560K, reserved 1048576K
}

