# JRE version: Java(TM) SE Runtime Environment (8.0_144-b01) (build 1.8.0_144-b01)
# Java VM: Java HotSpot(TM) 64-Bit Server VM (25.144-b01 mixed mode linux-amd64 compressed oops)
Heap:
 PSYoungGen      total 122880K, used 17429K [0x000000071df00000, 0x0000000726580000, 0x00000007c0000000)
  eden space 113152K, 12% used [0x000000071df00000,0x000000071ed019c8,0x0000000724d80000)
  from space 9728K, 31% used [0x0000000725c00000,0x0000000725f03bf0,0x0000000726580000)
  to   space 12288K, 0% used [0x0000000724d80000,0x0000000724d80000,0x0000000725980000)
 ParOldGen       total 206336K, used 7232K [0x00000005d9c00000, 0x00000005e6580000, 0x000000071df00000)
  object space 206336K, 3% used [0x00000005d9c00000,0x00000005da310278,0x00000005e6580000)
 Metaspace       used 22069K, capacity 22288K, committed 22528K, reserved 1069056K
  class space    used 2468K, capacity 2542K, committed 2560K, reserved 1048576K
GC Heap History (10 events):
Event: 129.994 GC heap before
{Heap before GC invocations=7 (full 1):
 PSYoungGen      total 126464K, used 126222K [0x000000071df00000, 0x0000000727580000, 0x00000007c0000000)
  eden space 123392K, 100% used [0x000000071df00000,0x0000000725780000,0x0000000725780000)
  from space 3072K, 92% used [0x0000000725980000,0x0000000725c438d8,0x0000000725c80000)
  to   space 15360K, 0% used [0x0000000726680000,0x0000000726680000,0x0000000727580000)
 ParOldGen       total 206336K, used 7232K [0x00000005d9c00000, 0x00000005e6580000, 0x000000071df00000)
  object space 206336K, 3% used [0x00000005d9c00000,0x00000005da310278,0x00000005e6580000)
 Metaspace       used 21571K, capacity 21868K, committed 22272K, reserved 1069056K
  class space    used 2446K, capacity 2510K, committed 2560K, reserved 1048576K
Event: 129.998 GC heap after
Heap after GC invocations=7 (full 1):
 PSYoungGen      total 133632K, used 2861K [0x000000071df00000, 0x0000000727280000, 0x00000007c0000000)
  eden space 121344K, 0% used [0x000000071df00000,0x000000071df00000,0x0000000725580000)
  from space 12288K, 23% used [0x0000000726680000,0x000000072694b5c0,0x0000000727280000)
  to   space 14848K, 0% used [0x0000000725580000,0x0000000725580000,0x0000000726400000)
 ParOldGen       total 206336K, used 7232K [0x00000005d9c00000, 0x00000005e6580000, 0x000000071df00000)
  object space 206336K, 3% used [0x00000005d9c00000,0x00000005da310278,0x00000005e6580000)
 Metaspace       used 21571K, capacity 21868K, committed 22272K, reserved 1069056K
  class space    used 2446K, capacity 2510K, committed 2560K, reserved 1048576K
}
Event: 150.996 GC heap before
{Heap before GC invocations=8 (full 1):
 PSYoungGen      total 133632K, used 124205K [0x000000071df00000, 0x0000000727280000, 0x00000007c0000000)
  eden space 121344K, 100% used [0x000000071df00000,0x0000000725580000,0x0000000725580000)
  from space 12288K, 23% used [0x0000000726680000,0x000000072694b5c0,0x0000000727280000)
  to   space 14848K, 0% used [0x0000000725580000,0x0000000725580000,0x0000000726400000)
 ParOldGen       total 206336K, used 7232K [0x00000005d9c00000, 0x00000005e6580000, 0x000000071df00000)
  object space 206336K, 3% used [0x00000005d9c00000,0x00000005da310278,0x00000005e6580000)
 Metaspace       used 21651K, capacity 21872K, committed 22272K, reserved 1069056K
  class space    used 2446K, capacity 2510K, committed 2560K, reserved 1048576K
Event: 151.000 GC heap after
Heap after GC invocations=8 (full 1):
 PSYoungGen      total 122880K, used 3341K [0x000000071df00000, 0x0000000726e80000, 0x00000007c0000000)
  eden space 119296K, 0% used [0x000000071df00000,0x000000071df00000,0x0000000725380000)
  from space 3584K, 93% used [0x0000000725580000,0x00000007258c35c0,0x0000000725900000)
  to   space 13824K, 0% used [0x0000000726100000,0x0000000726100000,0x0000000726e80000)
 ParOldGen       total 206336K, used 7232K [0x00000005d9c00000, 0x00000005e6580000, 0x000000071df00000)
  object space 206336K, 3% used [0x00000005d9c00000,0x00000005da310278,0x00000005e6580000)
 Metaspace       used 21651K, capacity 21872K, committed 22272K, reserved 1069056K
  class space    used 2446K, capacity 2510K, committed 2560K, reserved 1048576K
}
Event: 180.088 GC heap before
{Heap before GC invocations=9 (full 1):
 PSYoungGen      total 122880K, used 122637K [0x000000071df00000, 0x0000000726e80000, 0x00000007c0000000)
  eden space 119296K, 100% used [0x000000071df00000,0x0000000725380000,0x0000000725380000)
  from space 3584K, 93% used [0x0000000725580000,0x00000007258c35c0,0x0000000725900000)
  to   space 13824K, 0% used [0x0000000726100000,0x0000000726100000,0x0000000726e80000)
 ParOldGen       total 206336K, used 7232K [0x00000005d9c00000, 0x00000005e6580000, 0x000000071df00000)
  object space 206336K, 3% used [0x00000005d9c00000,0x00000005da310278,0x00000005e6580000)
 Metaspace       used 21704K, capacity 21936K, committed 22272K, reserved 1069056K
  class space    used 2447K, capacity 2510K, committed 2560K, reserved 1048576K
Event: 180.090 GC heap after
Heap after GC invocations=9 (full 1):
 PSYoungGen      total 128000K, used 2830K [0x000000071df00000, 0x0000000726b80000, 0x00000007c0000000)
  eden space 117248K, 0% used [0x000000071df00000,0x000000071df00000,0x0000000725180000)
  from space 10752K, 26% used [0x0000000726100000,0x00000007263c38d8,0x0000000726b80000)
  to   space 13312K, 0% used [0x0000000725180000,0x0000000725180000,0x0000000725e80000)
 ParOldGen       total 206336K, used 7232K [0x00000005d9c00000, 0x00000005e6580000, 0x000000071df00000)
  object space 206336K, 3% used [0x00000005d9c00000,0x00000005da310278,0x00000005e6580000)
 Metaspace       used 21704K, capacity 21936K, committed 22272K, reserved 1069056K
  class space    used 2447K, capacity 2510K, committed 2560K, reserved 1048576K
}
Event: 215.021 GC heap before
{Heap before GC invocations=10 (full 1):
 PSYoungGen      total 128000K, used 120078K [0x000000071df00000, 0x0000000726b80000, 0x00000007c0000000)
  eden space 117248K, 100% used [0x000000071df00000,0x0000000725180000,0x0000000725180000)
  from space 10752K, 26% used [0x0000000726100000,0x00000007263c38d8,0x0000000726b80000)
  to   space 13312K, 0% used [0x0000000725180000,0x0000000725180000,0x0000000725e80000)
 ParOldGen       total 206336K, used 7232K [0x00000005d9c00000, 0x00000005e6580000, 0x000000071df00000)
  object space 206336K, 3% used [0x00000005d9c00000,0x00000005da310278,0x00000005e6580000)
 Metaspace       used 21812K, capacity 22064K, committed 22272K, reserved 1069056K
  class space    used 2447K, capacity 2510K, committed 2560K, reserved 1048576K
Event: 215.024 GC heap after
Heap after GC invocations=10 (full 1):
 PSYoungGen      total 118272K, used 2670K [0x000000071df00000, 0x0000000726880000, 0x00000007c0000000)
  eden space 115200K, 0% used [0x000000071df00000,0x000000071df00000,0x0000000724f80000)
  from space 3072K, 86% used [0x0000000725180000,0x000000072541bbf0,0x0000000725480000)
  to   space 12800K, 0% used [0x0000000725c00000,0x0000000725c00000,0x0000000726880000)
 ParOldGen       total 206336K, used 7232K [0x00000005d9c00000, 0x00000005e6580000, 0x000000071df00000)
  object space 206336K, 3% used [0x00000005d9c00000,0x00000005da310278,0x00000005e6580000)
 Metaspace       used 21812K, capacity 22064K, committed 22272K, reserved 1069056K
  class space    used 2447K, capacity 2510K, committed 2560K, reserved 1048576K
}
Event: 245.060 GC heap before
{Heap before GC invocations=11 (full 1):
 PSYoungGen      total 118272K, used 117870K [0x000000071df00000, 0x0000000726880000, 0x00000007c0000000)
  eden space 115200K, 100% used [0x000000071df00000,0x0000000724f80000,0x0000000724f80000)
  from space 3072K, 86% used [0x0000000725180000,0x000000072541bbf0,0x0000000725480000)
  to   space 12800K, 0% used [0x0000000725c00000,0x0000000725c00000,0x0000000726880000)
 ParOldGen       total 206336K, used 7232K [0x00000005d9c00000, 0x00000005e6580000, 0x000000071df00000)
  object space 206336K, 3% used [0x00000005d9c00000,0x00000005da310278,0x00000005e6580000)
 Metaspace       used 21923K, capacity 22128K, committed 22528K, reserved 1069056K
  class space    used 2448K, capacity 2510K, committed 2560K, reserved 1048576K
Event: 245.063 GC heap after
Heap after GC invocations=11 (full 1):
 PSYoungGen      total 122880K, used 3086K [0x000000071df00000, 0x0000000726580000, 0x00000007c0000000)
  eden space 113152K, 0% used [0x000000071df00000,0x000000071df00000,0x0000000724d80000)
  from space 9728K, 31% used [0x0000000725c00000,0x0000000725f03bf0,0x0000000726580000)
  to   space 12288K, 0% used [0x0000000724d80000,0x0000000724d80000,0x0000000725980000)
 ParOldGen       total 206336K, used 7232K [0x00000005d9c00000, 0x00000005e6580000, 0x000000071df00000)
  object space 206336K, 3% used [0x00000005d9c00000,0x00000005da310278,0x00000005e6580000)
 Metaspace       used 21923K, capacity 22128K, committed 22528K, reserved 1069056K
  class space    used 2448K, capacity 2510K, committed 2560K, reserved 1048576K
}

